<?xml version="1.0" encoding="UTF-8"?>
<testsuites>
  <testsuite name="." tests="29" assertions="27" failures="0" errors="0" time="8.968014">
    <testsuite name="elovalasztokControllerTest" file="/var/www/html/elovalasztok2/github/test/siteControllerTest.php" tests="29" assertions="27" failures="0" errors="0" time="8.968014">
      <testcase name="test_szavazok_notTestUzemmod_notlogedUser" class="elovalasztokControllerTest" file="/var/www/html/elovalasztok2/github/test/siteControllerTest.php" line="87" assertions="1" time="0.005880"/>
      <testcase name="test_szavazok_notTestUzemmod_loggedUser_nemBudapesti_nemSzavazottmeg" class="elovalasztokControllerTest" file="/var/www/html/elovalasztok2/github/test/siteControllerTest.php" line="96" assertions="1" time="0.004105"/>
      <testcase name="test_szavazok_TestUzemmod_loggedUser_nemBudapesti_nemSzavazottmeg" class="elovalasztokControllerTest" file="/var/www/html/elovalasztok2/github/test/siteControllerTest.php" line="110" assertions="1" time="0.072176"/>
      <testcase name="test_szavazok_notTestUzemmod_loggedUser_budapest_nemSzavazottmeg" class="elovalasztokControllerTest" file="/var/www/html/elovalasztok2/github/test/siteControllerTest.php" line="124" assertions="1" time="0.005322"/>
      <testcase name="test_szavazok_notTestUzemmod_loggedUser_budapest_lezartSzavazas" class="elovalasztokControllerTest" file="/var/www/html/elovalasztok2/github/test/siteControllerTest.php" line="138" assertions="1" time="0.004219"/>
      <testcase name="test_eredmeny" class="elovalasztokControllerTest" file="/var/www/html/elovalasztok2/github/test/siteControllerTest.php" line="153" assertions="1" time="0.046162"/>
      <testcase name="test_reszeredmeny_magyar" class="elovalasztokControllerTest" file="/var/www/html/elovalasztok2/github/test/siteControllerTest.php" line="164" assertions="1" time="0.168618"/>
      <testcase name="test_reszeredmeny_hiteles" class="elovalasztokControllerTest" file="/var/www/html/elovalasztok2/github/test/siteControllerTest.php" line="176" assertions="1" time="0.051517"/>
      <testcase name="test_reszeredmeny_offline" class="elovalasztokControllerTest" file="/var/www/html/elovalasztok2/github/test/siteControllerTest.php" line="188" assertions="1" time="0.039502"/>
      <testcase name="test_reszeredmeny_appmagyar" class="elovalasztokControllerTest" file="/var/www/html/elovalasztok2/github/test/siteControllerTest.php" line="200" assertions="1" time="0.090441"/>
      <testcase name="test_reszeredmeny_osszes" class="elovalasztokControllerTest" file="/var/www/html/elovalasztok2/github/test/siteControllerTest.php" line="212" assertions="1" time="0.047598"/>
      <testcase name="test_szavazat_save_notTest_notLoged" class="elovalasztokControllerTest" file="/var/www/html/elovalasztok2/github/test/siteControllerTest.php" line="225" assertions="1" time="0.002990"/>
      <testcase name="test_szavazat_save_notTest_nemBudapesti_nemSzavazottMeg" class="elovalasztokControllerTest" file="/var/www/html/elovalasztok2/github/test/siteControllerTest.php" line="236" assertions="1" time="0.003809"/>
      <testcase name="test_szavazat_save_notTest_budapesti_nemSzavazottMeg" class="elovalasztokControllerTest" file="/var/www/html/elovalasztok2/github/test/siteControllerTest.php" line="253" assertions="1" time="0.043791"/>
      <testcase name="test_szavazat_save_notTest_budapesti_lezartSzavazas" class="elovalasztokControllerTest" file="/var/www/html/elovalasztok2/github/test/siteControllerTest.php" line="269" assertions="1" time="0.040051"/>
      <testcase name="test_wiki_Shulze_pelda" class="elovalasztokControllerTest" file="/var/www/html/elovalasztok2/github/test/siteControllerTest.php" line="287" assertions="1" time="5.094209"/>
      <testcase name="test_szavazatom" class="elovalasztokControllerTest" file="/var/www/html/elovalasztok2/github/test/siteControllerTest.php" line="433" assertions="1" time="0.009091"/>
      <testcase name="test_szavazatom_nincs" class="elovalasztokControllerTest" file="/var/www/html/elovalasztok2/github/test/siteControllerTest.php" line="445" assertions="1" time="0.007860"/>
      <testcase name="test_szavazatokcsv" class="elovalasztokControllerTest" file="/var/www/html/elovalasztok2/github/test/siteControllerTest.php" line="457" assertions="0" time="0.010771">
        <system-out>&lt;p&gt;&lt;/p&gt;
                      &lt;p&gt;&lt;a href="tmp/testSessionId.csv"&gt;szavaztaok CSV formában&lt;/a&gt;&lt;/p&gt;
                      &lt;p&gt;&lt;/p&gt;</system-out>
      </testcase>
      <testcase name="test_szavazok_notTestUzemmod_loggedUser_budapest_nincs_jelolt" class="elovalasztokControllerTest" file="/var/www/html/elovalasztok2/github/test/siteControllerTest.php" line="469" assertions="1" time="0.132690"/>
      <testcase name="test_javaslatForm" class="elovalasztokControllerTest" file="/var/www/html/elovalasztok2/github/test/siteControllerTest.php" line="484" assertions="1" time="0.003175"/>
      <testcase name="test_javaslat_save" class="elovalasztokControllerTest" file="/var/www/html/elovalasztok2/github/test/siteControllerTest.php" line="499" assertions="1" time="0.081860"/>
      <testcase name="test_javaslatok" class="elovalasztokControllerTest" file="/var/www/html/elovalasztok2/github/test/siteControllerTest.php" line="519" assertions="1" time="0.093109"/>
      <testcase name="test_nemtamogatom_pollIdInput" class="elovalasztokControllerTest" file="/var/www/html/elovalasztok2/github/test/siteControllerTest.php" line="544" assertions="1" time="0.004533"/>
      <testcase name="test_tamogatom_1" class="elovalasztokControllerTest" file="/var/www/html/elovalasztok2/github/test/siteControllerTest.php" line="569" assertions="1" time="0.040455"/>
      <testcase name="test_getJavaslat" class="elovalasztokControllerTest" file="/var/www/html/elovalasztok2/github/test/siteControllerTest.php" line="592" assertions="0" time="0.004369">
        <system-out>&lt;div id="javaslat"&gt;
		&lt;h2&gt;Jelölt javaslat&lt;/h2&gt;
	&lt;p class="help"&gt;
		Budapesti lakosok javasolhat jelölteket az előválasztásra. A javaslatok a szerkesztő bizottság ellenörzése után
		kerülnek fel erre az oldalra. Az ellenörzés kizárólag stilisztikai, helyesírási, a szöveg valóság tartalmára
		terjed ki. Továbbá a szerkesztő bizottság kapcsolatba lép a jelölttel, és beleegyezését kéri az adatkezeléshez.
		A javasolt jelölt akkor fog  szerepelni a szavazó lapon ha legalább 500 támogatást szerez.
		A támogatást a budapest lakosok  ezen az oldalon a "támogatom" gomb segitségével jelezhetik. 
	&lt;/p&gt;
	&lt;div class="javaslatReszletek"&gt;
 		&lt;div class="item" style="clear:both"&gt;
 			&lt;h4&gt;Javaslat 1&lt;/h4&gt;
 			&lt;div class="text"&gt;&lt;img style="float:left; width:250px;" src="xyz" /&gt;&lt;h3&gt;Program&lt;/h3&gt;&lt;div class="programIntro"&gt;blabla&lt;/div&gt;&lt;div class="tamogatok"&gt;&lt;/div&gt;&lt;div class="programFull"&gt;&lt;/div&gt;&lt;div class="eletrajz"&gt;blabla&lt;/div&gt;&lt;h3&gt;Támogató szervezetek&lt;/h3&gt;&lt;div class="tamogatoSzervezetekFull"&gt;&lt;/div&gt;&lt;h4&gt;Kontakt infó PUBLIKÁLÁS ELŐTT TÖRLENDŐ!!!!&lt;/h4&gt;&lt;div class="kontakt"&gt;xyz&lt;/div&gt;&lt;/div&gt;
 			
 			 			&lt;p class="tamogatas" style="clear:both"&gt;
				Támogatottság:&lt;var&gt;1&lt;/var&gt;&amp;nbsp;
													Támogattad&amp;nbsp;
					&lt;a href="component/elovalasztok?task=nemtamogatom&amp;id=32&amp;testFormToken=1"
						class="btn btn-danger"&gt;
						Mégsem támogatom&lt;/a&gt;&amp;nbsp;
					
 			&lt;/p&gt;
 					&lt;/div&gt; 	
	&lt;/div&gt;
	&lt;p&gt;&amp;nbsp;&lt;/p&gt;
		&lt;div class="ujjelolt"&gt;
		&lt;a href="component/elovalasztok?task=javaslatform" class="btn btn-primary"&gt;
			&lt;em class="fa fa-plus-circle"&gt;&lt;/em&gt;Új javaslat beküldése&lt;/a&gt;
	&lt;/div&gt;
	&lt;p&gt;&amp;nbsp;&lt;/p&gt;
	&lt;/div&gt;
</system-out>
      </testcase>
      <testcase name="test_tamogatom_requestedSupport" class="elovalasztokControllerTest" file="/var/www/html/elovalasztok2/github/test/siteControllerTest.php" line="615" assertions="1" time="0.121904">
        <system-out>redirect:http://localhost/component/elovalasztok?task=javaslatok message=
</system-out>
      </testcase>
      <testcase name="test_proposal2Candidate1" class="elovalasztokControllerTest" file="/var/www/html/elovalasztok2/github/test/siteControllerTest.php" line="638" assertions="1" time="1.550318">
        <system-out>&lt;div class="infoMsg"&gt;jelölt javaslatok áttéve jelöltnek&lt;/div&gt;</system-out>
      </testcase>
      <testcase name="test_proposal2Candidate2" class="elovalasztokControllerTest" file="/var/www/html/elovalasztok2/github/test/siteControllerTest.php" line="697" assertions="1" time="1.187489">
        <system-out>&lt;div class="errorMsg"&gt;#__supportWork1 worktable exists&lt;/div&gt;</system-out>
      </testcase>
    </testsuite>
  </testsuite>
</testsuites>
